c:\pseudo-drive\uni documents\code\sfml\thesunkenpyramid\thesunkenpyramid\debug\vc143.pdb
c:\pseudo-drive\uni documents\code\sfml\thesunkenpyramid\thesunkenpyramid\debug\vc143.idb
c:\pseudo-drive\uni documents\code\sfml\thesunkenpyramid\thesunkenpyramid\debug\main.obj
c:\pseudo-drive\uni documents\code\sfml\thesunkenpyramid\thesunkenpyramid\debug\layout.obj
c:\pseudo-drive\uni documents\code\sfml\thesunkenpyramid\thesunkenpyramid\debug\player.obj
c:\pseudo-drive\uni documents\code\sfml\thesunkenpyramid\debug\thesunkenpyramid.exe
c:\pseudo-drive\uni documents\code\sfml\thesunkenpyramid\thesunkenpyramid\debug\thesunkenpyramid.ilk
c:\pseudo-drive\uni documents\code\sfml\thesunkenpyramid\debug\thesunkenpyramid.pdb
c:\pseudo-drive\uni documents\code\sfml\thesunkenpyramid\thesunkenpyramid\debug\source.obj
c:\pseudo-drive\uni documents\code\sfml\thesunkenpyramid\thesunkenpyramid\debug\layout.obj.enc
c:\pseudo-drive\uni documents\code\sfml\thesunkenpyramid\thesunkenpyramid\debug\main.obj.enc
c:\pseudo-drive\uni documents\code\sfml\thesunkenpyramid\thesunkenpyramid\debug\thesunkenpyramid.tlog\cl.command.1.tlog
c:\pseudo-drive\uni documents\code\sfml\thesunkenpyramid\thesunkenpyramid\debug\thesunkenpyramid.tlog\cl.read.1.tlog
c:\pseudo-drive\uni documents\code\sfml\thesunkenpyramid\thesunkenpyramid\debug\thesunkenpyramid.tlog\cl.write.1.tlog
c:\pseudo-drive\uni documents\code\sfml\thesunkenpyramid\thesunkenpyramid\debug\thesunkenpyramid.tlog\link-cvtres.read.1.tlog
c:\pseudo-drive\uni documents\code\sfml\thesunkenpyramid\thesunkenpyramid\debug\thesunkenpyramid.tlog\link-cvtres.write.1.tlog
c:\pseudo-drive\uni documents\code\sfml\thesunkenpyramid\thesunkenpyramid\debug\thesunkenpyramid.tlog\link-rc.read.1.tlog
c:\pseudo-drive\uni documents\code\sfml\thesunkenpyramid\thesunkenpyramid\debug\thesunkenpyramid.tlog\link-rc.write.1.tlog
c:\pseudo-drive\uni documents\code\sfml\thesunkenpyramid\thesunkenpyramid\debug\thesunkenpyramid.tlog\link.31976-cvtres.read.1.tlog
c:\pseudo-drive\uni documents\code\sfml\thesunkenpyramid\thesunkenpyramid\debug\thesunkenpyramid.tlog\link.31976-cvtres.write.1.tlog
c:\pseudo-drive\uni documents\code\sfml\thesunkenpyramid\thesunkenpyramid\debug\thesunkenpyramid.tlog\link.31976-rc.read.1.tlog
c:\pseudo-drive\uni documents\code\sfml\thesunkenpyramid\thesunkenpyramid\debug\thesunkenpyramid.tlog\link.31976-rc.write.1.tlog
c:\pseudo-drive\uni documents\code\sfml\thesunkenpyramid\thesunkenpyramid\debug\thesunkenpyramid.tlog\link.31976.read.1.tlog
c:\pseudo-drive\uni documents\code\sfml\thesunkenpyramid\thesunkenpyramid\debug\thesunkenpyramid.tlog\link.31976.write.1.tlog
c:\pseudo-drive\uni documents\code\sfml\thesunkenpyramid\thesunkenpyramid\debug\thesunkenpyramid.tlog\link.command.1.tlog
c:\pseudo-drive\uni documents\code\sfml\thesunkenpyramid\thesunkenpyramid\debug\thesunkenpyramid.tlog\link.read.1.tlog
c:\pseudo-drive\uni documents\code\sfml\thesunkenpyramid\thesunkenpyramid\debug\thesunkenpyramid.tlog\link.write.1.tlog
